mode: atomic
github.com/dontpanicw/log-linter/cmd/loglinter/main.go:8.13,10.2 1 0
github.com/dontpanicw/log-linter/plugin/plugin.go:12.60,16.2 1 0
github.com/dontpanicw/log-linter/analyzer.go:22.52,26.16 3 1
github.com/dontpanicw/log-linter/analyzer.go:26.16,29.3 1 0
github.com/dontpanicw/log-linter/analyzer.go:31.2,31.34 1 1
github.com/dontpanicw/log-linter/analyzer.go:31.34,32.43 1 2
github.com/dontpanicw/log-linter/analyzer.go:32.43,34.11 2 838
github.com/dontpanicw/log-linter/analyzer.go:34.11,36.5 1 791
github.com/dontpanicw/log-linter/analyzer.go:38.4,38.24 1 47
github.com/dontpanicw/log-linter/analyzer.go:38.24,40.5 1 6
github.com/dontpanicw/log-linter/analyzer.go:42.4,43.15 2 41
github.com/dontpanicw/log-linter/analyzer.go:46.2,46.17 1 1
github.com/dontpanicw/log-linter/analyzer.go:50.41,52.9 2 50
github.com/dontpanicw/log-linter/analyzer.go:52.9,54.3 1 2
github.com/dontpanicw/log-linter/analyzer.go:57.2,61.36 3 48
github.com/dontpanicw/log-linter/analyzer.go:61.36,62.27 1 209
github.com/dontpanicw/log-linter/analyzer.go:62.27,64.4 1 43
github.com/dontpanicw/log-linter/analyzer.go:67.2,67.14 1 5
github.com/dontpanicw/log-linter/analyzer.go:71.63,72.25 1 41
github.com/dontpanicw/log-linter/analyzer.go:72.25,74.3 1 0
github.com/dontpanicw/log-linter/analyzer.go:77.2,80.92 2 41
github.com/dontpanicw/log-linter/analyzer.go:80.92,81.25 1 9
github.com/dontpanicw/log-linter/analyzer.go:81.25,83.4 1 0
github.com/dontpanicw/log-linter/analyzer.go:84.3,84.24 1 9
github.com/dontpanicw/log-linter/analyzer.go:85.8,87.3 1 32
github.com/dontpanicw/log-linter/analyzer.go:90.2,90.76 1 41
github.com/dontpanicw/log-linter/analyzer.go:90.76,93.3 2 4
github.com/dontpanicw/log-linter/analyzer.go:96.2,97.37 2 37
github.com/dontpanicw/log-linter/analyzer.go:97.37,99.3 1 0
github.com/dontpanicw/log-linter/analyzer.go:101.2,102.19 2 37
github.com/dontpanicw/log-linter/analyzer.go:102.19,104.3 1 0
github.com/dontpanicw/log-linter/analyzer.go:107.2,107.29 1 37
github.com/dontpanicw/log-linter/analyzer.go:107.29,108.44 1 37
github.com/dontpanicw/log-linter/analyzer.go:108.44,110.4 1 4
github.com/dontpanicw/log-linter/analyzer.go:114.2,114.27 1 33
github.com/dontpanicw/log-linter/analyzer.go:114.27,116.3 1 33
github.com/dontpanicw/log-linter/analyzer.go:119.2,119.30 1 33
github.com/dontpanicw/log-linter/analyzer.go:119.30,121.3 1 33
github.com/dontpanicw/log-linter/analyzer.go:124.2,124.31 1 33
github.com/dontpanicw/log-linter/analyzer.go:124.31,126.3 1 33
github.com/dontpanicw/log-linter/analyzer.go:130.68,132.74 1 4
github.com/dontpanicw/log-linter/analyzer.go:132.74,135.3 2 4
github.com/dontpanicw/log-linter/analyzer.go:138.2,138.52 1 4
github.com/dontpanicw/log-linter/analyzer.go:138.52,140.3 1 0
github.com/dontpanicw/log-linter/analyzer.go:144.58,146.9 2 41
github.com/dontpanicw/log-linter/analyzer.go:146.9,148.3 1 0
github.com/dontpanicw/log-linter/analyzer.go:149.2,149.29 1 41
github.com/dontpanicw/log-linter/analyzer.go:149.29,150.27 1 150
github.com/dontpanicw/log-linter/analyzer.go:150.27,152.4 1 9
github.com/dontpanicw/log-linter/analyzer.go:154.2,154.14 1 32
github.com/dontpanicw/log-linter/analyzer.go:158.82,159.23 1 37
github.com/dontpanicw/log-linter/analyzer.go:159.23,161.3 1 1
github.com/dontpanicw/log-linter/analyzer.go:163.2,164.63 2 36
github.com/dontpanicw/log-linter/analyzer.go:164.63,183.3 2 6
github.com/dontpanicw/log-linter/analyzer.go:187.84,188.28 1 41
github.com/dontpanicw/log-linter/analyzer.go:188.28,190.73 1 739
github.com/dontpanicw/log-linter/analyzer.go:190.73,193.4 2 7
github.com/dontpanicw/log-linter/analyzer.go:195.2,195.13 1 34
github.com/dontpanicw/log-linter/analyzer.go:199.80,201.28 1 38
github.com/dontpanicw/log-linter/analyzer.go:201.28,202.35 1 773
github.com/dontpanicw/log-linter/analyzer.go:202.35,205.4 2 3
github.com/dontpanicw/log-linter/analyzer.go:209.2,209.38 1 35
github.com/dontpanicw/log-linter/analyzer.go:209.38,228.3 3 3
github.com/dontpanicw/log-linter/analyzer.go:230.2,230.38 1 32
github.com/dontpanicw/log-linter/analyzer.go:230.38,248.3 2 2
github.com/dontpanicw/log-linter/analyzer.go:252.81,256.56 3 42
github.com/dontpanicw/log-linter/analyzer.go:256.56,258.3 1 37
github.com/dontpanicw/log-linter/analyzer.go:258.8,265.3 1 5
github.com/dontpanicw/log-linter/analyzer.go:267.2,267.35 1 42
github.com/dontpanicw/log-linter/analyzer.go:267.35,268.42 1 396
github.com/dontpanicw/log-linter/analyzer.go:268.42,271.4 2 8
github.com/dontpanicw/log-linter/config.go:25.30,39.2 1 1
github.com/dontpanicw/log-linter/config.go:42.46,46.55 2 1
github.com/dontpanicw/log-linter/config.go:46.55,48.3 1 0
github.com/dontpanicw/log-linter/config.go:50.2,51.16 2 1
github.com/dontpanicw/log-linter/config.go:51.16,53.3 1 0
github.com/dontpanicw/log-linter/config.go:55.2,56.53 2 1
github.com/dontpanicw/log-linter/config.go:56.53,58.3 1 0
github.com/dontpanicw/log-linter/config.go:60.2,60.20 1 1
